<?xml version="1.0" encoding="UTF-8"?>
<!-- Generated by org.testng.reporters.JUnitXMLReporter -->
<testsuite hostname="DESKTOP-IES4C7J" ignored="3" tests="16" failures="2" timestamp="2018-11-21T11:01:00 MSK" time="0.128" errors="0">
  <testcase name="wdateTest" time="0.005" classname="Tests"/>
  <testcase name="wdateTest" time="0.0" classname="Tests"/>
  <testcase name="wdateTest" time="0.0" classname="Tests"/>
  <testcase name="wdateTest" time="0.001" classname="Tests"/>
  <testcase name="wdateTestNegative" time="0.001" classname="Tests"/>
  <testcase name="wdateTestNegative" time="0.001" classname="Tests"/>
  <testcase name="wdateTestNegative" time="0.001" classname="Tests"/>
  <testcase name="wdateTestString" time="0.004" classname="Tests"/>
  <testcase name="wdateTestString" time="0.002" classname="Tests"/>
  <testcase name="wdateTestString" time="0.004" classname="Tests"/>
  <testcase name="wdateTestString" time="0.005" classname="Tests"/>
  <testcase name="wdateTestString" time="0.005" classname="Tests">
    <failure type="java.lang.AssertionError" message="Неверный формат даты!!!">
      <![CDATA[java.lang.AssertionError: Неверный формат даты!!!
at Tests.wdateTestString(Tests.java:64)
at java.util.concurrent.FutureTask.run(FutureTask.java:266)
at java.util.concurrent.Executors$RunnableAdapter.call(Executors.java:511)
at java.util.concurrent.FutureTask.run(FutureTask.java:266)
at java.util.concurrent.ThreadPoolExecutor.runWorker(ThreadPoolExecutor.java:1149)
at java.util.concurrent.ThreadPoolExecutor$Worker.run(ThreadPoolExecutor.java:624)
at java.lang.Thread.run(Thread.java:748)
... Removed 10 stack frames]]>
    </failure>
  </testcase> <!-- wdateTestString -->
  <testcase name="wdateTestStringNegative" time="0.0" classname="Tests"/>
  <testcase name="wdateTestStringNegative" time="0.001" classname="Tests"/>
  <testcase name="wdateTestStringNegative" time="0.0" classname="Tests"/>
  <testcase name="wdateTestStringNegative" time="0.001" classname="Tests">
    <failure type="java.lang.AssertionError" message="Неверный формат даты!!!">
      <![CDATA[java.lang.AssertionError: Неверный формат даты!!!
at Tests.wdateTestStringNegative(Tests.java:76)
at java.util.concurrent.FutureTask.run(FutureTask.java:266)
at java.util.concurrent.Executors$RunnableAdapter.call(Executors.java:511)
at java.util.concurrent.FutureTask.run(FutureTask.java:266)
at java.util.concurrent.ThreadPoolExecutor.runWorker(ThreadPoolExecutor.java:1149)
at java.util.concurrent.ThreadPoolExecutor$Worker.run(ThreadPoolExecutor.java:624)
at java.lang.Thread.run(Thread.java:748)
... Removed 10 stack frames]]>
    </failure>
  </testcase> <!-- wdateTestStringNegative -->
  <testcase name="sumTestNegative1" time="0.0" classname="Tests">
    <ignored/>
  </testcase> <!-- sumTestNegative1 -->
  <testcase name="sumTestNegative" time="0.0" classname="Tests">
    <ignored/>
  </testcase> <!-- sumTestNegative -->
  <testcase name="sumTest" time="0.0" classname="Tests">
    <ignored/>
  </testcase> <!-- sumTest -->
</testsuite>
