<?xml version="1.0" encoding="UTF-8"?>
<testng-results skipped="0" failed="2" ignored="3" total="19" passed="14">
  <reporter-output>
  </reporter-output>
  <suite name="Tests" duration-ms="146" started-at="2018-11-21T11:00:59 MSK" finished-at="2018-11-21T11:00:59 MSK">
    <groups>
      <group name="all">
        <method signature="Tests.wdateTest(java.time.LocalDate)[pri:0, instance:Tests@7ac7a4e4]" name="wdateTest" class="Tests"/>
        <method signature="Tests.wdateTestNegative(java.time.LocalDate)[pri:0, instance:Tests@7ac7a4e4]" name="wdateTestNegative" class="Tests"/>
        <method signature="Tests.wdateTestString(java.lang.String)[pri:0, instance:Tests@7ac7a4e4]" name="wdateTestString" class="Tests"/>
        <method signature="Tests.wdateTestStringNegative(java.lang.String)[pri:0, instance:Tests@7ac7a4e4]" name="wdateTestStringNegative" class="Tests"/>
      </group> <!-- all -->
      <group name="date">
        <method signature="Tests.wdateTest(java.time.LocalDate)[pri:0, instance:Tests@7ac7a4e4]" name="wdateTest" class="Tests"/>
        <method signature="Tests.wdateTestNegative(java.time.LocalDate)[pri:0, instance:Tests@7ac7a4e4]" name="wdateTestNegative" class="Tests"/>
        <method signature="Tests.wdateTestString(java.lang.String)[pri:0, instance:Tests@7ac7a4e4]" name="wdateTestString" class="Tests"/>
        <method signature="Tests.wdateTestStringNegative(java.lang.String)[pri:0, instance:Tests@7ac7a4e4]" name="wdateTestStringNegative" class="Tests"/>
      </group> <!-- date -->
    </groups>
    <test name="Command line test" duration-ms="146" started-at="2018-11-21T11:00:59 MSK" finished-at="2018-11-21T11:00:59 MSK">
      <class name="Tests">
        <test-method status="PASS" signature="wdateTest(java.time.LocalDate)[pri:0, instance:Tests@7ac7a4e4]" name="wdateTest" duration-ms="10" started-at="2018-11-21T11:00:59 MSK" data-provider="dpDate" finished-at="2018-11-21T11:00:59 MSK">
          <params>
            <param index="0">
              <value>
                <![CDATA[2018-11-21]]>
              </value>
            </param>
          </params>
          <reporter-output>
          </reporter-output>
        </test-method> <!-- wdateTest -->
        <test-method status="PASS" signature="wdateTest(java.time.LocalDate)[pri:0, instance:Tests@7ac7a4e4]" name="wdateTest" duration-ms="1" started-at="2018-11-21T11:00:59 MSK" data-provider="dpDate" finished-at="2018-11-21T11:00:59 MSK">
          <params>
            <param index="0">
              <value>
                <![CDATA[2018-11-20]]>
              </value>
            </param>
          </params>
          <reporter-output>
          </reporter-output>
        </test-method> <!-- wdateTest -->
        <test-method status="PASS" signature="wdateTest(java.time.LocalDate)[pri:0, instance:Tests@7ac7a4e4]" name="wdateTest" duration-ms="0" started-at="2018-11-21T11:00:59 MSK" data-provider="dpDate" finished-at="2018-11-21T11:00:59 MSK">
          <params>
            <param index="0">
              <value>
                <![CDATA[2018-11-19]]>
              </value>
            </param>
          </params>
          <reporter-output>
          </reporter-output>
        </test-method> <!-- wdateTest -->
        <test-method status="PASS" signature="wdateTest(java.time.LocalDate)[pri:0, instance:Tests@7ac7a4e4]" name="wdateTest" duration-ms="1" started-at="2018-11-21T11:00:59 MSK" data-provider="dpDate" finished-at="2018-11-21T11:00:59 MSK">
          <params>
            <param index="0">
              <value>
                <![CDATA[2018-11-18]]>
              </value>
            </param>
          </params>
          <reporter-output>
          </reporter-output>
        </test-method> <!-- wdateTest -->
        <test-method status="PASS" signature="wdateTestNegative(java.time.LocalDate)[pri:0, instance:Tests@7ac7a4e4]" name="wdateTestNegative" duration-ms="1" started-at="2018-11-21T11:00:59 MSK" data-provider="dpDateN" finished-at="2018-11-21T11:00:59 MSK">
          <params>
            <param index="0">
              <value>
                <![CDATA[2018-01-01]]>
              </value>
            </param>
          </params>
          <reporter-output>
          </reporter-output>
        </test-method> <!-- wdateTestNegative -->
        <test-method status="PASS" signature="wdateTestNegative(java.time.LocalDate)[pri:0, instance:Tests@7ac7a4e4]" name="wdateTestNegative" duration-ms="1" started-at="2018-11-21T11:00:59 MSK" data-provider="dpDateN" finished-at="2018-11-21T11:00:59 MSK">
          <params>
            <param index="0">
              <value>
                <![CDATA[2018-11-22]]>
              </value>
            </param>
          </params>
          <reporter-output>
          </reporter-output>
        </test-method> <!-- wdateTestNegative -->
        <test-method status="PASS" signature="wdateTestNegative(java.time.LocalDate)[pri:0, instance:Tests@7ac7a4e4]" name="wdateTestNegative" duration-ms="0" started-at="2018-11-21T11:00:59 MSK" data-provider="dpDateN" finished-at="2018-11-21T11:00:59 MSK">
          <params>
            <param index="0">
              <value>
                <![CDATA[2018-11-17]]>
              </value>
            </param>
          </params>
          <reporter-output>
          </reporter-output>
        </test-method> <!-- wdateTestNegative -->
        <test-method status="PASS" signature="wdateTestString(java.lang.String)[pri:0, instance:Tests@7ac7a4e4]" name="wdateTestString" duration-ms="6" started-at="2018-11-21T11:00:59 MSK" data-provider="dpDateString" finished-at="2018-11-21T11:00:59 MSK">
          <params>
            <param index="0">
              <value>
                <![CDATA[20-11-2018]]>
              </value>
            </param>
          </params>
          <reporter-output>
          </reporter-output>
        </test-method> <!-- wdateTestString -->
        <test-method status="PASS" signature="wdateTestString(java.lang.String)[pri:0, instance:Tests@7ac7a4e4]" name="wdateTestString" duration-ms="7" started-at="2018-11-21T11:00:59 MSK" data-provider="dpDateString" finished-at="2018-11-21T11:00:59 MSK">
          <params>
            <param index="0">
              <value>
                <![CDATA[21-11-2018]]>
              </value>
            </param>
          </params>
          <reporter-output>
          </reporter-output>
        </test-method> <!-- wdateTestString -->
        <test-method status="PASS" signature="wdateTestString(java.lang.String)[pri:0, instance:Tests@7ac7a4e4]" name="wdateTestString" duration-ms="6" started-at="2018-11-21T11:00:59 MSK" data-provider="dpDateString" finished-at="2018-11-21T11:00:59 MSK">
          <params>
            <param index="0">
              <value>
                <![CDATA[19-11-2018]]>
              </value>
            </param>
          </params>
          <reporter-output>
          </reporter-output>
        </test-method> <!-- wdateTestString -->
        <test-method status="FAIL" signature="wdateTestString(java.lang.String)[pri:0, instance:Tests@7ac7a4e4]" name="wdateTestString" duration-ms="2" started-at="2018-11-21T11:00:59 MSK" data-provider="dpDateString" finished-at="2018-11-21T11:00:59 MSK">
          <params>
            <param index="0">
              <value>
                <![CDATA[32-10-2018]]>
              </value>
            </param>
          </params>
          <exception class="java.lang.AssertionError">
            <message>
              <![CDATA[Неверный формат даты!!!]]>
            </message>
            <full-stacktrace>
              <![CDATA[java.lang.AssertionError: Неверный формат даты!!!
at org.testng.Assert.fail(Assert.java:97)
at Tests.wdateTestString(Tests.java:64)
at sun.reflect.NativeMethodAccessorImpl.invoke0(Native Method)
at sun.reflect.NativeMethodAccessorImpl.invoke(NativeMethodAccessorImpl.java:62)
at sun.reflect.DelegatingMethodAccessorImpl.invoke(DelegatingMethodAccessorImpl.java:43)
at java.lang.reflect.Method.invoke(Method.java:498)
at org.testng.internal.MethodInvocationHelper.invokeMethod(MethodInvocationHelper.java:131)
at org.testng.internal.Invoker.invokeMethod(Invoker.java:658)
at org.testng.internal.Invoker.invokeTestMethod(Invoker.java:792)
at org.testng.internal.TestMethodWithDataProviderMethodWorker.call(TestMethodWithDataProviderMethodWorker.java:77)
at org.testng.internal.TestMethodWithDataProviderMethodWorker.call(TestMethodWithDataProviderMethodWorker.java:14)
at java.util.concurrent.FutureTask.run(FutureTask.java:266)
at java.util.concurrent.Executors$RunnableAdapter.call(Executors.java:511)
at java.util.concurrent.FutureTask.run(FutureTask.java:266)
at java.util.concurrent.ThreadPoolExecutor.runWorker(ThreadPoolExecutor.java:1149)
at java.util.concurrent.ThreadPoolExecutor$Worker.run(ThreadPoolExecutor.java:624)
at java.lang.Thread.run(Thread.java:748)
]]>
            </full-stacktrace>
          </exception> <!-- java.lang.AssertionError -->
          <reporter-output>
          </reporter-output>
        </test-method> <!-- wdateTestString -->
        <test-method status="PASS" signature="wdateTestString(java.lang.String)[pri:0, instance:Tests@7ac7a4e4]" name="wdateTestString" duration-ms="0" started-at="2018-11-21T11:00:59 MSK" data-provider="dpDateString" finished-at="2018-11-21T11:00:59 MSK">
          <params>
            <param index="0">
              <value>
                <![CDATA[18-11-2018]]>
              </value>
            </param>
          </params>
          <reporter-output>
          </reporter-output>
        </test-method> <!-- wdateTestString -->
        <test-method status="PASS" signature="wdateTestStringNegative(java.lang.String)[pri:0, instance:Tests@7ac7a4e4]" name="wdateTestStringNegative" duration-ms="0" started-at="2018-11-21T11:00:59 MSK" data-provider="dpDateStringN" finished-at="2018-11-21T11:00:59 MSK">
          <params>
            <param index="0">
              <value>
                <![CDATA[17-11-2018]]>
              </value>
            </param>
          </params>
          <reporter-output>
          </reporter-output>
        </test-method> <!-- wdateTestStringNegative -->
        <test-method status="PASS" signature="wdateTestStringNegative(java.lang.String)[pri:0, instance:Tests@7ac7a4e4]" name="wdateTestStringNegative" duration-ms="0" started-at="2018-11-21T11:00:59 MSK" data-provider="dpDateStringN" finished-at="2018-11-21T11:00:59 MSK">
          <params>
            <param index="0">
              <value>
                <![CDATA[01-01-2018]]>
              </value>
            </param>
          </params>
          <reporter-output>
          </reporter-output>
        </test-method> <!-- wdateTestStringNegative -->
        <test-method status="PASS" signature="wdateTestStringNegative(java.lang.String)[pri:0, instance:Tests@7ac7a4e4]" name="wdateTestStringNegative" duration-ms="0" started-at="2018-11-21T11:00:59 MSK" data-provider="dpDateStringN" finished-at="2018-11-21T11:00:59 MSK">
          <params>
            <param index="0">
              <value>
                <![CDATA[22-11-2018]]>
              </value>
            </param>
          </params>
          <reporter-output>
          </reporter-output>
        </test-method> <!-- wdateTestStringNegative -->
        <test-method status="FAIL" signature="wdateTestStringNegative(java.lang.String)[pri:0, instance:Tests@7ac7a4e4]" name="wdateTestStringNegative" duration-ms="1" started-at="2018-11-21T11:00:59 MSK" data-provider="dpDateStringN" finished-at="2018-11-21T11:00:59 MSK">
          <params>
            <param index="0">
              <value>
                <![CDATA[31-13-2018]]>
              </value>
            </param>
          </params>
          <exception class="java.lang.AssertionError">
            <message>
              <![CDATA[Неверный формат даты!!!]]>
            </message>
            <full-stacktrace>
              <![CDATA[java.lang.AssertionError: Неверный формат даты!!!
at org.testng.Assert.fail(Assert.java:97)
at Tests.wdateTestStringNegative(Tests.java:76)
at sun.reflect.NativeMethodAccessorImpl.invoke0(Native Method)
at sun.reflect.NativeMethodAccessorImpl.invoke(NativeMethodAccessorImpl.java:62)
at sun.reflect.DelegatingMethodAccessorImpl.invoke(DelegatingMethodAccessorImpl.java:43)
at java.lang.reflect.Method.invoke(Method.java:498)
at org.testng.internal.MethodInvocationHelper.invokeMethod(MethodInvocationHelper.java:131)
at org.testng.internal.Invoker.invokeMethod(Invoker.java:658)
at org.testng.internal.Invoker.invokeTestMethod(Invoker.java:792)
at org.testng.internal.TestMethodWithDataProviderMethodWorker.call(TestMethodWithDataProviderMethodWorker.java:77)
at org.testng.internal.TestMethodWithDataProviderMethodWorker.call(TestMethodWithDataProviderMethodWorker.java:14)
at java.util.concurrent.FutureTask.run(FutureTask.java:266)
at java.util.concurrent.Executors$RunnableAdapter.call(Executors.java:511)
at java.util.concurrent.FutureTask.run(FutureTask.java:266)
at java.util.concurrent.ThreadPoolExecutor.runWorker(ThreadPoolExecutor.java:1149)
at java.util.concurrent.ThreadPoolExecutor$Worker.run(ThreadPoolExecutor.java:624)
at java.lang.Thread.run(Thread.java:748)
]]>
            </full-stacktrace>
          </exception> <!-- java.lang.AssertionError -->
          <reporter-output>
          </reporter-output>
        </test-method> <!-- wdateTestStringNegative -->
      </class> <!-- Tests -->
    </test> <!-- Command line test -->
  </suite> <!-- Tests -->
</testng-results>
